app/build/intermediates/manifest_merge_blame_file/debug/manifest-merger-blame-debug-report.txt
1<?xml version="1.0" encoding="utf-8"?>
2<manifest xmlns:android="http://schemas.android.com/apk/res/android"
3    package="com.b1707b.cours.resto_app"
4    android:versionCode="1"
5    android:versionName="1.0" >
6
7    <uses-sdk
8        android:minSdkVersion="22"
8-->src\main\AndroidManifest.xml
9        android:targetSdkVersion="32" />
9-->src\main\AndroidManifest.xml
10
11    <uses-permission android:name="android.permission.INTERNET" />
11-->src\main\AndroidManifest.xml:5:5-67
11-->src\main\AndroidManifest.xml:5:22-64
12    <uses-permission android:name="android.permission.ACCESS_WIFI_STATE" />
12-->src\main\AndroidManifest.xml:6:5-76
12-->src\main\AndroidManifest.xml:6:22-73
13    <uses-permission android:name="android.permission.CAMERA" /> <!-- Don't require camera, as this requires a rear camera. This allows it to work on the Nexus 7 -->
13-->[com.journeyapps:zxing-android-embedded:4.3.0] AndroidManifest.xml:22:5-65
13-->[com.journeyapps:zxing-android-embedded:4.3.0] AndroidManifest.xml:22:22-62
14    <uses-feature
14-->[com.journeyapps:zxing-android-embedded:4.3.0] AndroidManifest.xml:25:5-27:36
15        android:name="android.hardware.camera"
15-->[com.journeyapps:zxing-android-embedded:4.3.0] AndroidManifest.xml:26:9-47
16        android:required="false" />
16-->[com.journeyapps:zxing-android-embedded:4.3.0] AndroidManifest.xml:27:9-33
17    <uses-feature
17-->[com.journeyapps:zxing-android-embedded:4.3.0] AndroidManifest.xml:28:5-30:36
18        android:name="android.hardware.camera.front"
18-->[com.journeyapps:zxing-android-embedded:4.3.0] AndroidManifest.xml:29:9-53
19        android:required="false" /> <!-- TODO replace above two with next line after Android 4.2 -->
19-->[com.journeyapps:zxing-android-embedded:4.3.0] AndroidManifest.xml:30:9-33
20    <!-- <uses-feature android:name="android.hardware.camera.any"/> -->
21    <uses-feature
21-->[com.journeyapps:zxing-android-embedded:4.3.0] AndroidManifest.xml:33:5-35:36
22        android:name="android.hardware.camera.autofocus"
22-->[com.journeyapps:zxing-android-embedded:4.3.0] AndroidManifest.xml:34:9-57
23        android:required="false" />
23-->[com.journeyapps:zxing-android-embedded:4.3.0] AndroidManifest.xml:35:9-33
24    <uses-feature
24-->[com.journeyapps:zxing-android-embedded:4.3.0] AndroidManifest.xml:36:5-38:36
25        android:name="android.hardware.camera.flash"
25-->[com.journeyapps:zxing-android-embedded:4.3.0] AndroidManifest.xml:37:9-53
26        android:required="false" />
26-->[com.journeyapps:zxing-android-embedded:4.3.0] AndroidManifest.xml:38:9-33
27    <uses-feature
27-->[com.journeyapps:zxing-android-embedded:4.3.0] AndroidManifest.xml:39:5-41:36
28        android:name="android.hardware.screen.landscape"
28-->[com.journeyapps:zxing-android-embedded:4.3.0] AndroidManifest.xml:40:9-57
29        android:required="false" />
29-->[com.journeyapps:zxing-android-embedded:4.3.0] AndroidManifest.xml:41:9-33
30    <uses-feature
30-->[com.journeyapps:zxing-android-embedded:4.3.0] AndroidManifest.xml:42:5-44:36
31        android:name="android.hardware.wifi"
31-->[com.journeyapps:zxing-android-embedded:4.3.0] AndroidManifest.xml:43:9-45
32        android:required="false" />
32-->[com.journeyapps:zxing-android-embedded:4.3.0] AndroidManifest.xml:44:9-33
33
34    <application
34-->src\main\AndroidManifest.xml:8:5-47:19
35        android:allowBackup="true"
35-->src\main\AndroidManifest.xml:9:9-35
36        android:appComponentFactory="androidx.core.app.CoreComponentFactory"
36-->[androidx.core:core:1.8.0] AndroidManifest.xml:24:18-86
37        android:dataExtractionRules="@xml/data_extraction_rules"
37-->src\main\AndroidManifest.xml:10:9-65
38        android:debuggable="true"
39        android:fullBackupContent="@xml/backup_rules"
39-->src\main\AndroidManifest.xml:11:9-54
40        android:icon="@mipmap/ic_launcher"
40-->src\main\AndroidManifest.xml:12:9-43
41        android:label="@string/app_name"
41-->src\main\AndroidManifest.xml:13:9-41
42        android:roundIcon="@mipmap/ic_launcher_round"
42-->src\main\AndroidManifest.xml:14:9-54
43        android:supportsRtl="true"
43-->src\main\AndroidManifest.xml:15:9-35
44        android:testOnly="true"
45        android:theme="@style/Theme.Restoapp" >
45-->src\main\AndroidManifest.xml:16:9-46
46        <activity
46-->src\main\AndroidManifest.xml:18:9-24:20
47            android:name="com.b1707b.cours.resto_app.HomeActivity"
47-->src\main\AndroidManifest.xml:19:13-41
48            android:exported="false" >
48-->src\main\AndroidManifest.xml:20:13-37
49            <meta-data
49-->src\main\AndroidManifest.xml:21:13-23:36
50                android:name="android.app.lib_name"
50-->src\main\AndroidManifest.xml:22:17-52
51                android:value="" />
51-->src\main\AndroidManifest.xml:23:17-33
52        </activity>
53        <activity
53-->src\main\AndroidManifest.xml:25:9-31:20
54            android:name="com.b1707b.cours.resto_app.LoginActivity"
54-->src\main\AndroidManifest.xml:26:13-42
55            android:exported="false" >
55-->src\main\AndroidManifest.xml:27:13-37
56            <meta-data
56-->src\main\AndroidManifest.xml:21:13-23:36
57                android:name="android.app.lib_name"
57-->src\main\AndroidManifest.xml:22:17-52
58                android:value="" />
58-->src\main\AndroidManifest.xml:23:17-33
59        </activity>
60        <activity
60-->src\main\AndroidManifest.xml:32:9-41:20
61            android:name="com.b1707b.cours.resto_app.SplashActivity"
61-->src\main\AndroidManifest.xml:33:13-43
62            android:exported="true"
62-->src\main\AndroidManifest.xml:34:13-36
63            android:label="@string/app_name" >
63-->src\main\AndroidManifest.xml:35:13-45
64            <intent-filter>
64-->src\main\AndroidManifest.xml:36:13-40:29
65                <action android:name="android.intent.action.MAIN" />
65-->src\main\AndroidManifest.xml:37:17-69
65-->src\main\AndroidManifest.xml:37:25-66
66
67                <category android:name="android.intent.category.LAUNCHER" />
67-->src\main\AndroidManifest.xml:39:17-77
67-->src\main\AndroidManifest.xml:39:27-74
68            </intent-filter>
69        </activity>
70        <activity
70-->src\main\AndroidManifest.xml:42:9-46:57
71            android:name="com.b1707b.cours.resto_app.CaptureAct"
71-->src\main\AndroidManifest.xml:43:13-39
72            android:screenOrientation="portrait"
72-->src\main\AndroidManifest.xml:44:13-49
73            android:stateNotNeeded="true"
73-->src\main\AndroidManifest.xml:45:13-42
74            android:theme="@style/zxing_CaptureTheme" />
74-->src\main\AndroidManifest.xml:46:13-54
75        <activity
75-->[paytech-sdk-release.aar] AndroidManifest.xml:17:9-21:20
76            android:name="sdk.paytech.sn.ViewActivity"
76-->[paytech-sdk-release.aar] AndroidManifest.xml:18:13-55
77            android:configChanges="keyboardHidden|orientation|screenSize"
77-->[paytech-sdk-release.aar] AndroidManifest.xml:19:13-74
78            android:screenOrientation="portrait" >
78-->[paytech-sdk-release.aar] AndroidManifest.xml:20:13-49
79        </activity>
80        <activity
80-->[com.journeyapps:zxing-android-embedded:4.3.0] AndroidManifest.xml:47:9-53:63
81            android:name="com.journeyapps.barcodescanner.CaptureActivity"
81-->[com.journeyapps:zxing-android-embedded:4.3.0] AndroidManifest.xml:48:13-74
82            android:clearTaskOnLaunch="true"
82-->[com.journeyapps:zxing-android-embedded:4.3.0] AndroidManifest.xml:49:13-45
83            android:screenOrientation="sensorLandscape"
83-->[com.journeyapps:zxing-android-embedded:4.3.0] AndroidManifest.xml:50:13-56
84            android:stateNotNeeded="true"
84-->[com.journeyapps:zxing-android-embedded:4.3.0] AndroidManifest.xml:51:13-42
85            android:theme="@style/zxing_CaptureTheme"
85-->[com.journeyapps:zxing-android-embedded:4.3.0] AndroidManifest.xml:52:13-54
86            android:windowSoftInputMode="stateAlwaysHidden" />
86-->[com.journeyapps:zxing-android-embedded:4.3.0] AndroidManifest.xml:53:13-60
87
88        <provider
88-->[androidx.emoji2:emoji2:1.2.0] AndroidManifest.xml:24:9-32:20
89            android:name="androidx.startup.InitializationProvider"
89-->[androidx.emoji2:emoji2:1.2.0] AndroidManifest.xml:25:13-67
90            android:authorities="com.b1707b.cours.resto_app.androidx-startup"
90-->[androidx.emoji2:emoji2:1.2.0] AndroidManifest.xml:26:13-68
91            android:exported="false" >
91-->[androidx.emoji2:emoji2:1.2.0] AndroidManifest.xml:27:13-37
92            <meta-data
92-->[androidx.emoji2:emoji2:1.2.0] AndroidManifest.xml:29:13-31:52
93                android:name="androidx.emoji2.text.EmojiCompatInitializer"
93-->[androidx.emoji2:emoji2:1.2.0] AndroidManifest.xml:30:17-75
94                android:value="androidx.startup" />
94-->[androidx.emoji2:emoji2:1.2.0] AndroidManifest.xml:31:17-49
95            <meta-data
95-->[androidx.lifecycle:lifecycle-process:2.4.1] AndroidManifest.xml:31:13-33:52
96                android:name="androidx.lifecycle.ProcessLifecycleInitializer"
96-->[androidx.lifecycle:lifecycle-process:2.4.1] AndroidManifest.xml:32:17-78
97                android:value="androidx.startup" />
97-->[androidx.lifecycle:lifecycle-process:2.4.1] AndroidManifest.xml:33:17-49
98        </provider>
99    </application>
100
101</manifest>